<?xml version="1.0" encoding="UTF-8"?>
<!-- Generated by org.testng.reporters.JUnitXMLReporter -->
<testsuite ignored="0" hostname="DESKTOP-I7A3701" failures="0" tests="4" name="Default test" time="21.467" errors="0" timestamp="2024-02-05T22:19:29 IST">
  <testcase classname="DataDriven.Automate_Excel_Data" name="testCase" time="2.156"/>
  <testcase classname="DataDriven.Automate_Excel_Data" name="testCase" time="1.48"/>
  <testcase classname="DataDriven.Automate_Excel_Data" name="testCase" time="1.339"/>
  <testcase classname="DataDriven.Automate_Excel_Data" name="testCase" time="1.548"/>
</testsuite> <!-- Default test -->
